2025-08-26 01:21:30,215 | FAILSAFE | INFO | ✅ Recovery failsafe database initialized
2025-08-26 01:37:33,618 | FAILSAFE | INFO | ✅ Recovery failsafe database initialized
2025-08-26 01:38:35,818 | FAILSAFE | INFO | ✅ Recovery failsafe database initialized
2025-08-26 01:40:33,513 | FAILSAFE | INFO | ✅ Recovery failsafe database initialized
2025-08-26 01:40:33,513 | FAILSAFE | INFO | 🛠️ Recovery Failsafe System v1.0 initialized
2025-08-26 01:40:33,513 | FAILSAFE | INFO | 🚀 Initializing Recovery Failsafe System...
2025-08-26 01:40:33,823 | FAILSAFE | INFO | ✅ System recovery access verified
2025-08-26 01:40:33,823 | FAILSAFE | INFO | 💾 Creating recovery point: System initialization checkpoint (Level: STANDARD)
2025-08-26 01:40:34,738 | FAILSAFE | WARNING |    ⚠️ Failed to backup: /system/build.prop
2025-08-26 01:40:34,760 | FAILSAFE | WARNING |    ⚠️ Failed to backup: /data/adb/modules
2025-08-26 01:40:34,780 | FAILSAFE | WARNING |    ⚠️ Failed to backup: /data/adb/magisk.db
2025-08-26 01:40:34,801 | FAILSAFE | WARNING |    ⚠️ Failed to backup: /data/system/packages.xml
2025-08-26 01:40:34,803 | FAILSAFE | INFO | ✅ Recovery point created: b5808ddcabb7 (0 bytes)
2025-08-26 01:40:34,803 | FAILSAFE | INFO | ❤️ Starting continuous health monitoring...
2025-08-26 01:40:34,803 | FAILSAFE | INFO | ✅ Health monitoring started
2025-08-26 01:40:34,803 | FAILSAFE | INFO | ⏰ Starting automated backup scheduler...
2025-08-26 01:40:34,803 | FAILSAFE | INFO | 💾 Creating recovery point: Automated scheduled backup (Level: STANDARD)
2025-08-26 01:40:35,775 | FAILSAFE | WARNING |    ⚠️ Failed to backup: /system/build.prop
2025-08-26 01:40:35,794 | FAILSAFE | WARNING |    ⚠️ Failed to backup: /data/adb/modules
2025-08-26 01:40:35,814 | FAILSAFE | WARNING |    ⚠️ Failed to backup: /data/adb/magisk.db
2025-08-26 01:40:35,834 | FAILSAFE | WARNING |    ⚠️ Failed to backup: /data/system/packages.xml
2025-08-26 01:40:35,835 | FAILSAFE | INFO | ✅ Recovery point created: f0f376c6ba5f (0 bytes)
2025-08-26 01:40:35,836 | FAILSAFE | INFO | ✅ Backup scheduler started
2025-08-26 01:40:35,836 | FAILSAFE | INFO | 🚨 Initializing emergency protocols...
2025-08-26 01:40:35,836 | FAILSAFE | INFO | 💾 Creating recovery point: Emergency protocol initialization (Level: MINIMAL)
2025-08-26 01:40:36,779 | FAILSAFE | WARNING |    ⚠️ Failed to backup: /system/build.prop
2025-08-26 01:40:36,805 | FAILSAFE | WARNING |    ⚠️ Failed to backup: /data/adb/magisk.db
2025-08-26 01:40:36,807 | FAILSAFE | INFO | ✅ Recovery point created: c186eeb81e3c (0 bytes)
2025-08-26 01:40:36,807 | FAILSAFE | INFO | ✅ Emergency protocols initialized
2025-08-26 01:40:36,807 | FAILSAFE | INFO | ✅ Recovery Failsafe System operational!
2025-08-26 01:40:36,807 | FAILSAFE | INFO | 💾 Creating recovery point: Test recovery point for demonstration (Level: STANDARD)
2025-08-26 01:40:37,712 | FAILSAFE | WARNING |    ⚠️ Failed to backup: /system/build.prop
2025-08-26 01:40:37,732 | FAILSAFE | WARNING |    ⚠️ Failed to backup: /data/adb/modules
2025-08-26 01:40:37,751 | FAILSAFE | WARNING |    ⚠️ Failed to backup: /data/adb/magisk.db
2025-08-26 01:40:37,769 | FAILSAFE | WARNING |    ⚠️ Failed to backup: /data/system/packages.xml
2025-08-26 01:40:37,770 | FAILSAFE | INFO | ✅ Recovery point created: e3e3ee26a4e5 (0 bytes)
