2025-08-26 01:55:22,250 | GLYPH | INFO | âœ… Glyph interface database initialized
2025-08-26 01:55:22,250 | GLYPH | INFO | âœ¨ Glyph Interface Controller v1.0 initialized
2025-08-26 01:55:22,250 | GLYPH | INFO | ðŸš€ Initializing Glyph Interface System...
2025-08-26 01:55:23,378 | GLYPH | INFO | âœ… Glyph hardware detected
2025-08-26 01:55:23,534 | GLYPH | INFO | âœ… Glyph LED control verified
2025-08-26 01:55:23,534 | GLYPH | INFO | âœ¨ Initializing Glyph zones...
2025-08-26 01:55:23,606 | GLYPH | INFO |    âœ… main_led initialized
2025-08-26 01:55:23,640 | GLYPH | WARNING |    âš ï¸ camera_ring initialization failed
2025-08-26 01:55:23,676 | GLYPH | WARNING |    âš ï¸ diagonal_strip initialization failed
2025-08-26 01:55:23,710 | GLYPH | WARNING |    âš ï¸ battery_indicator initialization failed
2025-08-26 01:55:23,744 | GLYPH | WARNING |    âš ï¸ usb_indicator initialization failed
2025-08-26 01:55:23,744 | GLYPH | INFO | âœ… Glyph zones initialized
2025-08-26 01:55:23,744 | GLYPH | INFO | ðŸ“± Starting notification monitor...
2025-08-26 01:55:23,744 | GLYPH | INFO | âœ… Glyph Interface System operational!
2025-08-26 01:55:23,744 | GLYPH | INFO | âœ¨ Setting Glyph pattern: pulse (brightness: 200, duration: 3.0s)
2025-08-26 01:55:23,898 | GLYPH | INFO | ðŸ”‹ Glyph charging indicator: 100%
2025-08-26 01:55:23,898 | GLYPH | INFO | âœ¨ Setting Glyph pattern: solid (brightness: 150, duration: 2.0s)
2025-08-26 01:55:27,747 | GLYPH | INFO | ðŸ“± Creating custom notification: WhatsApp -> notification
2025-08-26 01:55:27,748 | GLYPH | INFO | âœ¨ Setting Glyph pattern: notification (brightness: 200, duration: 3.0s)
2025-08-26 01:55:31,753 | GLYPH | INFO | ðŸŽ® Enabling Glyph gaming mode...
2025-08-26 01:55:31,754 | GLYPH | INFO | âœ¨ Setting Glyph pattern: breathing (brightness: 150, duration: 60.0s)
2025-08-26 01:55:36,757 | GLYPH | INFO | ðŸŽ® Disabling Glyph gaming mode...
2025-08-26 01:57:54,657 | GLYPH | INFO | âœ… Glyph interface database initialized
2025-08-26 01:57:54,658 | GLYPH | INFO | âœ¨ Glyph Interface Controller v1.0 initialized
2025-08-26 01:57:54,658 | GLYPH | INFO | ðŸš€ Initializing Glyph Interface System...
2025-08-26 01:57:54,824 | GLYPH | WARNING | âš ï¸ Glyph hardware not detected, using simulation mode
2025-08-26 01:57:54,825 | GLYPH | INFO | âœ¨ Initializing Glyph zones...
2025-08-26 01:57:54,838 | GLYPH | WARNING |    âš ï¸ main_led initialization failed
2025-08-26 01:57:54,850 | GLYPH | WARNING |    âš ï¸ camera_ring initialization failed
2025-08-26 01:57:54,862 | GLYPH | WARNING |    âš ï¸ diagonal_strip initialization failed
2025-08-26 01:57:54,874 | GLYPH | WARNING |    âš ï¸ battery_indicator initialization failed
2025-08-26 01:57:54,886 | GLYPH | WARNING |    âš ï¸ usb_indicator initialization failed
2025-08-26 01:57:54,887 | GLYPH | INFO | âœ… Glyph zones initialized
2025-08-26 01:57:54,887 | GLYPH | INFO | ðŸ“± Starting notification monitor...
2025-08-26 01:57:54,887 | GLYPH | INFO | âœ… Glyph Interface System operational!
2025-08-26 01:57:54,887 | GLYPH | INFO | âœ¨ Setting Glyph pattern: pulse (brightness: 200, duration: 3.0s)
2025-08-26 01:57:58,889 | GLYPH | INFO | ðŸ“± Creating custom notification: WhatsApp -> notification
2025-08-26 01:57:58,889 | GLYPH | INFO | âœ¨ Setting Glyph pattern: notification (brightness: 200, duration: 3.0s)
2025-08-26 01:58:02,892 | GLYPH | INFO | ðŸŽ® Enabling Glyph gaming mode...
2025-08-26 01:58:02,893 | GLYPH | INFO | âœ¨ Setting Glyph pattern: breathing (brightness: 150, duration: 60.0s)
2025-08-26 01:58:07,897 | GLYPH | INFO | ðŸŽ® Disabling Glyph gaming mode...
2025-08-26 01:58:36,587 | GLYPH | INFO | âœ… Glyph interface database initialized
2025-08-26 01:58:36,588 | GLYPH | INFO | âœ¨ Glyph Interface Controller v1.0 initialized
2025-08-26 01:58:36,588 | GLYPH | INFO | ðŸš€ Initializing Glyph Interface System...
2025-08-26 01:58:36,603 | GLYPH | WARNING | âš ï¸ Glyph hardware not detected, using simulation mode
2025-08-26 01:58:36,603 | GLYPH | INFO | âœ¨ Initializing Glyph zones...
2025-08-26 01:58:36,615 | GLYPH | WARNING |    âš ï¸ main_led initialization failed
2025-08-26 01:58:36,626 | GLYPH | WARNING |    âš ï¸ camera_ring initialization failed
2025-08-26 01:58:36,639 | GLYPH | WARNING |    âš ï¸ diagonal_strip initialization failed
2025-08-26 01:58:36,652 | GLYPH | WARNING |    âš ï¸ battery_indicator initialization failed
2025-08-26 01:58:36,666 | GLYPH | WARNING |    âš ï¸ usb_indicator initialization failed
2025-08-26 01:58:36,666 | GLYPH | INFO | âœ… Glyph zones initialized
2025-08-26 01:58:36,666 | GLYPH | INFO | ðŸ“± Starting notification monitor...
2025-08-26 01:58:36,666 | GLYPH | INFO | âœ… Glyph Interface System operational!
2025-08-26 01:58:36,666 | GLYPH | INFO | âœ¨ Setting Glyph pattern: pulse (brightness: 200, duration: 3.0s)
2025-08-26 01:58:40,669 | GLYPH | INFO | ðŸ“± Creating custom notification: WhatsApp -> notification
2025-08-26 01:58:40,669 | GLYPH | INFO | âœ¨ Setting Glyph pattern: notification (brightness: 200, duration: 3.0s)
2025-08-26 01:58:44,673 | GLYPH | INFO | ðŸŽ® Enabling Glyph gaming mode...
2025-08-26 01:58:44,674 | GLYPH | INFO | âœ¨ Setting Glyph pattern: breathing (brightness: 150, duration: 60.0s)
2025-08-26 01:58:49,677 | GLYPH | INFO | ðŸŽ® Disabling Glyph gaming mode...
2025-08-26 02:00:12,776 | GLYPH | INFO | âœ… Glyph interface database initialized
2025-08-26 02:00:12,777 | GLYPH | INFO | âœ¨ Glyph Interface Controller v1.0 initialized
2025-08-26 02:00:12,777 | GLYPH | INFO | ðŸš€ Initializing Glyph Interface System...
2025-08-26 02:00:12,840 | GLYPH | WARNING | âš ï¸ Glyph hardware not detected, using simulation mode
2025-08-26 02:00:12,841 | GLYPH | INFO | âœ¨ Initializing Glyph zones...
2025-08-26 02:00:12,855 | GLYPH | WARNING |    âš ï¸ main_led initialization failed
2025-08-26 02:00:12,868 | GLYPH | WARNING |    âš ï¸ camera_ring initialization failed
2025-08-26 02:00:12,880 | GLYPH | WARNING |    âš ï¸ diagonal_strip initialization failed
2025-08-26 02:00:12,892 | GLYPH | WARNING |    âš ï¸ battery_indicator initialization failed
2025-08-26 02:00:12,905 | GLYPH | WARNING |    âš ï¸ usb_indicator initialization failed
2025-08-26 02:00:12,905 | GLYPH | INFO | âœ… Glyph zones initialized
2025-08-26 02:00:12,905 | GLYPH | INFO | ðŸ“± Starting notification monitor...
2025-08-26 02:00:12,905 | GLYPH | INFO | âœ… Glyph Interface System operational!
2025-08-26 02:00:12,905 | GLYPH | INFO | âœ¨ Setting Glyph pattern: pulse (brightness: 200, duration: 3.0s)
2025-08-26 02:00:16,907 | GLYPH | INFO | ðŸ“± Creating custom notification: WhatsApp -> notification
2025-08-26 02:00:16,907 | GLYPH | INFO | âœ¨ Setting Glyph pattern: notification (brightness: 200, duration: 3.0s)
2025-08-26 02:00:20,910 | GLYPH | INFO | ðŸŽ® Enabling Glyph gaming mode...
2025-08-26 02:00:20,911 | GLYPH | INFO | âœ¨ Setting Glyph pattern: breathing (brightness: 150, duration: 60.0s)
2025-08-26 02:00:25,916 | GLYPH | INFO | ðŸŽ® Disabling Glyph gaming mode...
2025-08-26 02:00:37,230 | GLYPH | INFO | âœ… Glyph interface database initialized
2025-08-26 02:00:37,230 | GLYPH | INFO | âœ¨ Glyph Interface Controller v1.0 initialized
2025-08-26 02:00:37,230 | GLYPH | INFO | ðŸš€ Initializing Glyph Interface System...
2025-08-26 02:00:37,246 | GLYPH | WARNING | âš ï¸ Glyph hardware not detected, using simulation mode
2025-08-26 02:00:37,247 | GLYPH | INFO | âœ¨ Initializing Glyph zones...
2025-08-26 02:00:37,258 | GLYPH | WARNING |    âš ï¸ main_led initialization failed
2025-08-26 02:00:37,271 | GLYPH | WARNING |    âš ï¸ camera_ring initialization failed
2025-08-26 02:00:37,283 | GLYPH | WARNING |    âš ï¸ diagonal_strip initialization failed
2025-08-26 02:00:37,296 | GLYPH | WARNING |    âš ï¸ battery_indicator initialization failed
2025-08-26 02:00:37,308 | GLYPH | WARNING |    âš ï¸ usb_indicator initialization failed
2025-08-26 02:00:37,308 | GLYPH | INFO | âœ… Glyph zones initialized
2025-08-26 02:00:37,308 | GLYPH | INFO | ðŸ“± Starting notification monitor...
2025-08-26 02:00:37,309 | GLYPH | INFO | âœ… Glyph Interface System operational!
2025-08-26 02:00:37,309 | GLYPH | INFO | âœ¨ Setting Glyph pattern: pulse (brightness: 200, duration: 3.0s)
2025-08-26 02:00:41,311 | GLYPH | INFO | ðŸ“± Creating custom notification: WhatsApp -> notification
2025-08-26 02:00:41,311 | GLYPH | INFO | âœ¨ Setting Glyph pattern: notification (brightness: 200, duration: 3.0s)
2025-08-26 02:00:45,314 | GLYPH | INFO | ðŸŽ® Enabling Glyph gaming mode...
2025-08-26 02:00:45,314 | GLYPH | INFO | âœ¨ Setting Glyph pattern: breathing (brightness: 150, duration: 60.0s)
2025-08-26 02:00:50,317 | GLYPH | INFO | ðŸŽ® Disabling Glyph gaming mode...
2025-08-26 02:05:43,585 | GLYPH | INFO | âœ… Glyph interface database initialized
2025-08-26 02:05:43,585 | GLYPH | INFO | âœ¨ Glyph Interface Controller v1.0 initialized
2025-08-26 02:05:43,585 | GLYPH | INFO | ðŸš€ Initializing Glyph Interface System...
2025-08-26 02:05:43,968 | GLYPH | INFO | âœ… Glyph hardware detected
2025-08-26 02:05:44,142 | GLYPH | INFO | âœ… Glyph LED control verified
2025-08-26 02:05:44,142 | GLYPH | INFO | âœ¨ Initializing Glyph zones...
2025-08-26 02:05:44,213 | GLYPH | INFO |    âœ… main_led initialized
2025-08-26 02:05:44,254 | GLYPH | WARNING |    âš ï¸ camera_ring initialization failed
2025-08-26 02:05:44,297 | GLYPH | WARNING |    âš ï¸ diagonal_strip initialization failed
2025-08-26 02:05:44,336 | GLYPH | WARNING |    âš ï¸ battery_indicator initialization failed
2025-08-26 02:05:44,370 | GLYPH | WARNING |    âš ï¸ usb_indicator initialization failed
2025-08-26 02:05:44,370 | GLYPH | INFO | âœ… Glyph zones initialized
2025-08-26 02:05:44,370 | GLYPH | INFO | ðŸ“± Starting notification monitor...
2025-08-26 02:05:44,370 | GLYPH | INFO | âœ… Glyph Interface System operational!
2025-08-26 02:05:44,370 | GLYPH | INFO | âœ¨ Setting Glyph pattern: pulse (brightness: 200, duration: 3.0s)
2025-08-26 02:05:44,522 | GLYPH | INFO | ðŸ”‹ Glyph charging indicator: 100%
2025-08-26 02:05:44,522 | GLYPH | INFO | âœ¨ Setting Glyph pattern: solid (brightness: 150, duration: 2.0s)
2025-08-26 02:05:48,374 | GLYPH | INFO | ðŸ“± Creating custom notification: WhatsApp -> notification
2025-08-26 02:05:48,374 | GLYPH | INFO | âœ¨ Setting Glyph pattern: notification (brightness: 200, duration: 3.0s)
2025-08-26 02:05:52,381 | GLYPH | INFO | ðŸŽ® Enabling Glyph gaming mode...
2025-08-26 02:05:52,383 | GLYPH | INFO | âœ¨ Setting Glyph pattern: breathing (brightness: 150, duration: 60.0s)
2025-08-26 02:05:57,387 | GLYPH | INFO | ðŸŽ® Disabling Glyph gaming mode...
