2025-08-23 18:56:06,204 - JARVIS - INFO - Listening for speech...
2025-08-23 18:56:20,535 - JARVIS - INFO - Recognized: hello how are you doing
2025-08-23 18:56:21,663 - JARVIS - INFO - Listening for speech...
2025-08-23 18:56:31,782 - JARVIS - INFO - Listening timeout
2025-08-23 18:56:32,920 - JARVIS - INFO - Listening for speech...
2025-08-23 18:56:42,353 - JARVIS - INFO - Recognized: hey Jarvis how are you doing
2025-08-23 18:56:43,478 - JARVIS - INFO - Listening for speech...
2025-08-23 18:56:50,003 - JARVIS - INFO - Could not understand audio
2025-08-23 18:56:51,226 - JARVIS - INFO - Listening for speech...
2025-08-23 18:56:53,894 - JARVIS - INFO - Recognized: please try again
2025-08-23 18:56:54,108 - JARVIS - INFO - Listening for speech...
2025-08-23 18:56:57,159 - JARVIS - INFO - Recognized: hello Jarvis
2025-08-23 18:56:58,285 - JARVIS - INFO - Listening for speech...
2025-08-23 18:57:08,125 - JARVIS - INFO - Recognized: hello Jarvis
2025-08-23 18:57:09,247 - JARVIS - INFO - Listening for speech...
2025-08-23 18:57:13,704 - JARVIS - INFO - Recognized: hey jar
2025-08-23 18:57:13,929 - JARVIS - INFO - Listening for speech...
2025-08-23 18:57:17,786 - JARVIS - INFO - Recognized: hey Jarvis what is your
2025-08-23 18:57:18,921 - JARVIS - INFO - Listening for speech...
2025-08-23 18:57:22,798 - JARVIS - INFO - Could not understand audio
2025-08-23 18:57:23,018 - JARVIS - INFO - Listening for speech...
2025-08-23 18:57:26,807 - JARVIS - INFO - Recognized: please try again
2025-08-23 18:57:27,918 - JARVIS - INFO - Listening for speech...
2025-08-23 18:57:32,164 - JARVIS - INFO - Recognized: hi Jarvis
2025-08-23 18:57:32,379 - JARVIS - INFO - Listening for speech...
2025-08-23 18:57:37,659 - JARVIS - INFO - Could not understand audio
2025-08-23 18:57:38,789 - JARVIS - INFO - Listening for speech...
2025-08-23 18:57:41,091 - JARVIS - INFO - Could not understand audio
2025-08-23 18:57:41,311 - JARVIS - INFO - Listening for speech...
2025-08-23 18:57:43,645 - JARVIS - INFO - Could not understand audio
2025-08-23 18:57:44,807 - JARVIS - INFO - Listening for speech...
2025-08-23 18:57:49,534 - JARVIS - INFO - Recognized: hey Jarvis
2025-08-23 18:57:49,661 - JARVIS - INFO - Listening for speech...
2025-08-23 18:57:56,576 - JARVIS - INFO - Recognized: hey Jarvis where are you
2025-08-23 18:57:58,393 - JARVIS - INFO - Listening for speech...
2025-08-23 18:58:02,524 - JARVIS - INFO - Could not understand audio
2025-08-23 18:58:02,756 - JARVIS - INFO - Listening for speech...
2025-08-23 18:58:10,421 - JARVIS - INFO - Recognized: hey Jarvis where are you
2025-08-23 18:58:11,563 - JARVIS - INFO - Listening for speech...
2025-08-23 18:58:15,924 - JARVIS - INFO - Recognized: hey Jarvis where are you
2025-08-23 18:58:17,695 - JARVIS - INFO - Listening for speech...
2025-08-23 18:58:21,940 - JARVIS - INFO - Could not understand audio
2025-08-23 18:58:22,159 - JARVIS - INFO - Listening for speech...
2025-08-23 18:58:27,668 - JARVIS - INFO - Recognized: head office what is my admin name
2025-08-23 18:58:28,787 - JARVIS - INFO - Listening for speech...
2025-08-23 18:58:36,152 - JARVIS - INFO - Recognized: hey Jarvis what is my username
2025-08-23 18:58:37,302 - JARVIS - INFO - Listening for speech...
2025-08-23 18:58:41,190 - JARVIS - INFO - Could not understand audio
2025-08-23 18:58:41,398 - JARVIS - INFO - Listening for speech...
2025-08-23 18:58:49,213 - JARVIS - INFO - Could not understand audio
2025-08-23 18:58:50,346 - JARVIS - INFO - Listening for speech...
2025-08-23 18:58:54,170 - JARVIS - INFO - Recognized: hey Jarvis how are you
2025-08-23 18:58:54,295 - JARVIS - INFO - Listening for speech...
2025-08-23 18:59:02,130 - JARVIS - INFO - Recognized: hey Jarvis how are you
2025-08-23 18:59:03,914 - JARVIS - INFO - Listening for speech...
2025-08-23 18:59:16,957 - JARVIS - INFO - Could not understand audio
2025-08-23 18:59:18,093 - JARVIS - INFO - Listening for speech...
2025-08-23 18:59:20,193 - JARVIS - INFO - Could not understand audio
2025-08-23 18:59:20,399 - JARVIS - INFO - Listening for speech...
2025-08-23 18:59:23,413 - JARVIS - INFO - Could not understand audio
2025-08-23 18:59:24,557 - JARVIS - INFO - Listening for speech...
2025-08-23 18:59:31,148 - JARVIS - INFO - Could not understand audio
2025-08-23 18:59:32,272 - JARVIS - INFO - Listening for speech...
2025-08-23 18:59:42,372 - JARVIS - INFO - Listening timeout
2025-08-23 18:59:43,513 - JARVIS - INFO - Listening for speech...
2025-08-23 18:59:53,620 - JARVIS - INFO - Listening timeout
2025-08-23 18:59:54,740 - JARVIS - INFO - Listening for speech...
2025-08-23 19:00:04,841 - JARVIS - INFO - Listening timeout
2025-08-23 19:00:05,974 - JARVIS - INFO - Listening for speech...
2025-08-23 19:00:16,079 - JARVIS - INFO - Listening timeout
2025-08-23 19:00:17,187 - JARVIS - INFO - Listening for speech...
2025-08-23 19:00:21,428 - JARVIS - INFO - Could not understand audio
2025-08-23 19:00:21,660 - JARVIS - INFO - Listening for speech...
2025-08-23 19:00:31,768 - JARVIS - INFO - Listening timeout
2025-08-23 19:00:32,884 - JARVIS - INFO - Listening for speech...
2025-08-23 19:00:42,383 - JARVIS - INFO - Could not understand audio
2025-08-23 19:00:43,496 - JARVIS - INFO - Listening for speech...
2025-08-23 19:00:47,889 - JARVIS - INFO - Could not understand audio
2025-08-23 19:00:48,112 - JARVIS - INFO - Listening for speech...
2025-08-23 19:00:58,211 - JARVIS - INFO - Listening timeout
2025-08-23 19:00:59,350 - JARVIS - INFO - Listening for speech...
2025-08-23 19:01:09,451 - JARVIS - INFO - Listening timeout
2025-08-23 19:01:10,557 - JARVIS - INFO - Listening for speech...
2025-08-23 19:01:20,660 - JARVIS - INFO - Listening timeout
2025-08-23 19:01:21,798 - JARVIS - INFO - Listening for speech...
2025-08-23 19:01:32,092 - JARVIS - INFO - Could not understand audio
2025-08-23 19:01:33,234 - JARVIS - INFO - Listening for speech...
2025-08-23 19:01:43,339 - JARVIS - INFO - Listening timeout
2025-08-23 19:01:44,484 - JARVIS - INFO - Listening for speech...
2025-08-23 19:01:54,592 - JARVIS - INFO - Listening timeout
2025-08-23 19:01:55,736 - JARVIS - INFO - Listening for speech...
2025-08-23 19:02:05,836 - JARVIS - INFO - Listening timeout
2025-08-23 19:02:06,743 - asyncio - ERROR - Task exception was never retrieved
future: <Task finished name='Task-2' coro=<SystemMonitor.start_monitoring() done, defined at /Users/techman/APi tests/JARVIS_PROJECT/phase1_foundation/human_jarvis.py:300> exception=SystemExit(0)>
Traceback (most recent call last):
  File "/Users/techman/APi tests/JARVIS_PROJECT/phase1_foundation/human_jarvis.py", line 1915, in <module>
    asyncio.run(main())
  File "/opt/homebrew/Cellar/python@3.12/3.12.11/Frameworks/Python.framework/Versions/3.12/lib/python3.12/asyncio/runners.py", line 195, in run
    return runner.run(main)
           ^^^^^^^^^^^^^^^^
  File "/opt/homebrew/Cellar/python@3.12/3.12.11/Frameworks/Python.framework/Versions/3.12/lib/python3.12/asyncio/runners.py", line 118, in run
    return self._loop.run_until_complete(task)
           ^^^^^^^^^^^^^^^^^^^^^^^^^^^^^^^^^^^
  File "/opt/homebrew/Cellar/python@3.12/3.12.11/Frameworks/Python.framework/Versions/3.12/lib/python3.12/asyncio/base_events.py", line 678, in run_until_complete
    self.run_forever()
  File "/opt/homebrew/Cellar/python@3.12/3.12.11/Frameworks/Python.framework/Versions/3.12/lib/python3.12/asyncio/base_events.py", line 645, in run_forever
    self._run_once()
  File "/opt/homebrew/Cellar/python@3.12/3.12.11/Frameworks/Python.framework/Versions/3.12/lib/python3.12/asyncio/base_events.py", line 1999, in _run_once
    handle._run()
  File "/opt/homebrew/Cellar/python@3.12/3.12.11/Frameworks/Python.framework/Versions/3.12/lib/python3.12/asyncio/events.py", line 88, in _run
    self._context.run(self._callback, *self._args)
  File "/Users/techman/APi tests/JARVIS_PROJECT/phase1_foundation/human_jarvis.py", line 305, in start_monitoring
    cpu_percent = psutil.cpu_percent(interval=1)
                  ^^^^^^^^^^^^^^^^^^^^^^^^^^^^^^
  File "/Users/techman/APi tests/JARVIS_PROJECT/jarvis_env_312/lib/python3.12/site-packages/psutil/__init__.py", line 1814, in cpu_percent
    time.sleep(interval)
  File "/Users/techman/APi tests/JARVIS_PROJECT/phase1_foundation/human_jarvis.py", line 1835, in handler
    sys.exit(0)
SystemExit: 0
2025-08-23 19:09:43,736 - JARVIS - ERROR - Failed to load conversation history: 'AdvancedAIBrain' object has no attribute 'knowledge_base'
2025-08-23 19:10:56,388 - JARVIS - INFO - Listening for speech...
2025-08-23 19:11:01,398 - JARVIS - INFO - Recognized: hello Jarvis what can I do
2025-08-23 19:11:02,535 - JARVIS - INFO - Listening for speech...
2025-08-23 19:11:08,846 - JARVIS - INFO - Recognized: hi Jarvis where are you
2025-08-23 19:11:09,965 - JARVIS - INFO - Listening for speech...
2025-08-23 19:11:15,244 - JARVIS - INFO - Recognized: head office where are you
2025-08-23 19:11:16,378 - JARVIS - INFO - Listening for speech...
2025-08-23 19:11:21,466 - JARVIS - INFO - Recognized: hey Jarvis where are you
2025-08-23 19:11:22,612 - JARVIS - INFO - Listening for speech...
2025-08-23 19:11:37,969 - JARVIS - INFO - Could not understand audio
2025-08-23 19:11:39,189 - JARVIS - INFO - Listening for speech...
2025-08-23 19:11:41,657 - JARVIS - INFO - Could not understand audio
2025-08-23 19:11:41,873 - JARVIS - INFO - Listening for speech...
2025-08-23 19:11:46,207 - JARVIS - INFO - Recognized: hey Jarvis where are you
2025-08-23 19:11:47,358 - JARVIS - INFO - Listening for speech...
2025-08-23 19:11:54,974 - JARVIS - INFO - Recognized: Jarvis what is my
2025-08-23 19:11:56,776 - JARVIS - INFO - Listening for speech...
2025-08-23 19:12:00,907 - JARVIS - INFO - Could not understand audio
2025-08-23 19:12:01,124 - JARVIS - INFO - Listening for speech...
2025-08-23 19:12:05,302 - JARVIS - INFO - Recognized: hey Jarvis who you
2025-08-23 19:12:06,438 - JARVIS - INFO - Listening for speech...
2025-08-23 19:12:10,189 - JARVIS - INFO - Recognized: hey Jarvis
2025-08-23 19:12:10,972 - JARVIS - INFO - Listening for speech...
2025-08-23 19:12:14,029 - JARVIS - INFO - Recognized: hey Jarvis
2025-08-23 19:12:15,151 - JARVIS - INFO - Listening for speech...
2025-08-23 19:12:18,014 - JARVIS - INFO - Recognized: who are you
2025-08-23 19:12:18,839 - JARVIS - INFO - Listening for speech...
2025-08-23 19:12:23,951 - JARVIS - INFO - Could not understand audio
2025-08-23 19:12:25,097 - JARVIS - INFO - Listening for speech...
2025-08-23 19:12:28,539 - JARVIS - INFO - Recognized: what is the time now
2025-08-23 19:12:28,743 - JARVIS - INFO - Listening for speech...
2025-08-23 19:12:33,608 - JARVIS - INFO - Recognized: what is the time now
2025-08-23 19:12:34,742 - JARVIS - INFO - Listening for speech...
2025-08-23 19:12:39,030 - JARVIS - INFO - Recognized: hijab is what is the time now
2025-08-23 19:12:39,237 - JARVIS - INFO - Listening for speech...
2025-08-23 19:12:44,205 - JARVIS - INFO - Recognized: hey Jarvis what is the time now
2025-08-23 19:12:45,332 - JARVIS - INFO - Listening for speech...
2025-08-23 19:12:49,579 - JARVIS - INFO - Recognized: hey Jarvis
2025-08-23 19:12:51,340 - JARVIS - INFO - Listening for speech...
2025-08-23 19:12:54,334 - JARVIS - INFO - Could not understand audio
2025-08-23 19:12:54,540 - JARVIS - INFO - Listening for speech...
2025-08-23 19:12:57,609 - JARVIS - INFO - Recognized: what is my name
2025-08-23 19:12:58,733 - JARVIS - INFO - Listening for speech...
2025-08-23 19:13:01,767 - JARVIS - INFO - Recognized: what is my name
2025-08-23 19:13:01,980 - JARVIS - INFO - Listening for speech...
2025-08-23 19:13:05,964 - JARVIS - INFO - Recognized: what is my name
2025-08-23 19:13:07,071 - JARVIS - INFO - Listening for speech...
2025-08-23 19:13:10,650 - JARVIS - INFO - Recognized: head office
2025-08-23 19:13:10,872 - JARVIS - INFO - Listening for speech...
2025-08-23 19:13:14,063 - JARVIS - INFO - Recognized: hey Jarvis
2025-08-23 19:13:15,198 - JARVIS - INFO - Listening for speech...
2025-08-23 19:13:19,297 - JARVIS - INFO - Recognized: hey Jarvis
2025-08-23 19:13:20,126 - JARVIS - INFO - Listening for speech...
2025-08-23 19:13:23,229 - JARVIS - INFO - Could not understand audio
2025-08-23 19:13:24,354 - JARVIS - INFO - Listening for speech...
2025-08-23 19:13:34,154 - JARVIS - INFO - Could not understand audio
2025-08-23 19:13:35,274 - JARVIS - INFO - Listening for speech...
2025-08-23 19:14:00,368 - JARVIS - INFO - Recognized: head office exit
2025-08-23 19:14:01,472 - JARVIS - INFO - Listening for speech...
2025-08-23 19:14:05,272 - JARVIS - INFO - Recognized: hey Jarvis exit
2025-08-23 19:14:05,405 - JARVIS - INFO - Listening for speech...
2025-08-23 19:14:10,949 - JARVIS - INFO - Recognized: hijab is good voice
2025-08-23 19:14:12,872 - JARVIS - INFO - Listening for speech...
2025-08-23 19:14:18,049 - JARVIS - INFO - Could not understand audio
2025-08-23 19:14:19,183 - JARVIS - INFO - Listening for speech...
2025-08-23 19:14:23,712 - JARVIS - INFO - Recognized: who are you really
2025-08-23 19:14:23,951 - JARVIS - INFO - Listening for speech...
2025-08-23 19:14:35,068 - JARVIS - INFO - Could not understand audio
2025-08-23 19:14:36,180 - JARVIS - INFO - Listening for speech...
2025-08-23 19:14:39,710 - JARVIS - INFO - Recognized: is Jarvis what is my
2025-08-23 19:14:39,940 - JARVIS - INFO - Listening for speech...
2025-08-23 19:14:45,462 - JARVIS - INFO - Recognized: hijabis what is my system status
2025-08-23 19:14:46,572 - JARVIS - INFO - Listening for speech...
2025-08-23 19:14:54,180 - JARVIS - INFO - Recognized: hey Jarvis what is my system status
2025-08-23 19:14:55,298 - JARVIS - INFO - Listening for speech...
2025-08-23 19:15:02,518 - JARVIS - INFO - Recognized: hey Jarvis what is my system status
2025-08-23 19:15:04,464 - JARVIS - INFO - Listening for speech...
2025-08-23 19:15:08,431 - JARVIS - INFO - Could not understand audio
2025-08-23 19:15:08,625 - JARVIS - INFO - Listening for speech...
2025-08-23 19:15:14,631 - JARVIS - INFO - Could not understand audio
2025-08-23 19:15:15,772 - JARVIS - INFO - Listening for speech...
2025-08-23 19:15:20,939 - JARVIS - INFO - Recognized: hey Jarvis show me my hardware
2025-08-23 19:15:22,063 - JARVIS - INFO - Listening for speech...
2025-08-23 19:15:28,871 - JARVIS - INFO - Recognized: hey Jarvis show me my hardware details
2025-08-23 19:15:31,074 - JARVIS - INFO - Listening for speech...
2025-08-23 19:15:35,886 - JARVIS - INFO - Could not understand audio
2025-08-23 19:15:37,011 - JARVIS - INFO - Listening for speech...
2025-08-23 19:15:41,314 - JARVIS - INFO - Recognized: hey Jarvis what is my
2025-08-23 19:15:41,443 - JARVIS - INFO - Listening for speech...
2025-08-23 19:15:54,818 - JARVIS - INFO - Could not understand audio
2025-08-23 19:15:56,033 - JARVIS - INFO - Listening for speech...
2025-08-23 19:16:01,589 - JARVIS - INFO - Recognized: what is the current head office what is the time now
2025-08-23 19:16:02,724 - JARVIS - INFO - Listening for speech...
2025-08-23 19:16:08,724 - JARVIS - INFO - Recognized: hey Jarvis what is the time now
2025-08-23 19:16:09,846 - JARVIS - INFO - Listening for speech...
2025-08-23 19:16:13,876 - JARVIS - INFO - Recognized: what is the time now
2025-08-23 19:16:15,978 - JARVIS - INFO - Listening for speech...
2025-08-23 19:16:19,958 - JARVIS - INFO - Could not understand audio
2025-08-23 19:16:20,183 - JARVIS - INFO - Listening for speech...
2025-08-23 19:16:22,242 - JARVIS - INFO - Recognized: time now
2025-08-23 19:16:23,377 - JARVIS - INFO - Listening for speech...
2025-08-23 19:16:36,408 - JARVIS - INFO - Could not understand audio
2025-08-23 19:16:37,569 - JARVIS - INFO - Listening for speech...
2025-08-23 19:16:40,839 - JARVIS - INFO - Recognized: what is the time now
2025-08-23 19:16:41,053 - JARVIS - INFO - Listening for speech...
2025-08-23 19:16:45,443 - JARVIS - INFO - Recognized: what is the time now
2025-08-23 19:16:46,568 - JARVIS - INFO - Listening for speech...
2025-08-23 19:16:57,824 - JARVIS - INFO - Recognized: what is the weather today
2025-08-23 19:16:58,955 - JARVIS - INFO - Listening for speech...
2025-08-23 19:17:05,556 - JARVIS - INFO - Recognized: hey Jarvis what is the weather today
2025-08-23 19:17:06,687 - JARVIS - INFO - Listening for speech...
2025-08-23 19:17:13,851 - JARVIS - INFO - Recognized: hey Jarvis what is the time today
2025-08-23 19:17:17,330 - JARVIS - INFO - Listening for speech...
2025-08-23 19:17:20,340 - JARVIS - INFO - Could not understand audio
2025-08-23 19:17:20,534 - JARVIS - INFO - Listening for speech...
2025-08-23 19:17:23,533 - JARVIS - INFO - Recognized: hey jar
2025-08-23 19:17:24,668 - JARVIS - INFO - Listening for speech...
2025-08-23 19:17:27,832 - JARVIS - INFO - Recognized: hey jar
2025-08-23 19:17:28,066 - JARVIS - INFO - Listening for speech...
2025-08-23 19:17:35,636 - JARVIS - INFO - Recognized: hey Jarvis
2025-08-23 19:17:36,780 - JARVIS - INFO - Listening for speech...
2025-08-23 19:17:40,714 - JARVIS - INFO - Recognized: hey jar
2025-08-23 19:17:45,949 - JARVIS - INFO - Listening for speech...
2025-08-23 19:17:51,905 - JARVIS - INFO - Could not understand audio
2025-08-23 19:17:53,035 - JARVIS - INFO - Listening for speech...
2025-08-23 19:17:56,343 - JARVIS - INFO - Recognized: hey Jarvis
2025-08-23 19:17:56,475 - JARVIS - INFO - Listening for speech...
2025-08-23 19:18:02,522 - JARVIS - INFO - Recognized: hey Jarvis what is the time now
2025-08-23 19:18:13,300 - JARVIS - INFO - Listening for speech...
2025-08-23 19:18:19,588 - JARVIS - INFO - Recognized: hey Jarvis quit voice mod
2025-08-23 19:18:20,744 - JARVIS - INFO - Listening for speech...
2025-08-23 19:18:24,026 - JARVIS - INFO - Recognized: hey Jarvis
2025-08-23 19:18:48,115 - JARVIS - INFO - Listening for speech...
2025-08-23 19:18:53,277 - JARVIS - INFO - Recognized: hey Jarvis exit voice mode
2025-08-23 19:19:45,076 - JARVIS - INFO - Listening for speech...
2025-08-23 19:19:57,032 - JARVIS - INFO - Recognized: hey Jarvis where are you now
2025-08-23 19:19:58,170 - JARVIS - INFO - Listening for speech...
2025-08-23 19:20:02,649 - JARVIS - INFO - Recognized: hey Jarvis what is my name
2025-08-23 19:20:46,363 - JARVIS - INFO - Listening for speech...
2025-08-23 19:20:52,257 - JARVIS - INFO - Recognized: hey Jarvis what is the time now
2025-08-23 19:20:53,374 - JARVIS - INFO - Listening for speech...
2025-08-23 19:20:58,190 - JARVIS - INFO - Recognized: hey Jarvis what is the time now
