2025-08-23 19:35:55,203 - JARVIS - INFO - TTS system initialized
2025-08-23 19:35:56,439 - JARVIS - INFO - STT system initialized
2025-08-23 19:36:11,096 - JARVIS - INFO - Listening for speech...
2025-08-23 19:36:15,879 - JARVIS - INFO - Recognized: hey Jarvis
2025-08-23 19:36:15,996 - JARVIS - INFO - Listening for speech...
2025-08-23 19:36:18,719 - JARVIS - INFO - Could not understand audio
2025-08-23 19:36:18,924 - JARVIS - INFO - Listening for speech...
2025-08-23 19:36:23,498 - JARVIS - INFO - Recognized: where are you now
2025-08-23 19:36:23,714 - JARVIS - INFO - Listening for speech...
2025-08-23 19:36:27,661 - JARVIS - INFO - Recognized: where are you now
2025-08-23 19:36:27,920 - JARVIS - INFO - Listening for speech...
2025-08-23 19:36:38,847 - JARVIS - INFO - Listening timeout
2025-08-23 19:36:39,065 - JARVIS - INFO - Listening for speech...
2025-08-23 19:36:46,931 - JARVIS - INFO - Recognized: hey Jarvis
2025-08-23 19:36:47,081 - JARVIS - INFO - Listening for speech...
2025-08-23 19:36:51,854 - JARVIS - INFO - Could not understand audio
2025-08-23 19:37:40,813 - JARVIS - INFO - Listening for speech...
2025-08-23 19:37:44,571 - JARVIS - INFO - Recognized: hey Jarvis
2025-08-23 19:37:44,698 - JARVIS - INFO - Listening for speech...
2025-08-23 19:37:48,328 - JARVIS - INFO - Recognized: what is the time now
2025-08-23 19:37:49,056 - JARVIS - INFO - Listening for speech...
2025-08-23 19:37:52,232 - JARVIS - INFO - Could not understand audio
2025-08-23 19:37:52,445 - JARVIS - INFO - Listening for speech...
2025-08-23 19:37:56,122 - JARVIS - INFO - Recognized: what is my name
2025-08-23 19:37:56,361 - JARVIS - INFO - Listening for speech...
2025-08-23 19:38:01,012 - JARVIS - INFO - Recognized: hey Jarvis what is my name
2025-08-23 19:38:01,147 - JARVIS - INFO - Listening for speech...
2025-08-23 19:38:03,583 - JARVIS - INFO - Could not understand audio
2025-08-23 19:38:03,807 - JARVIS - INFO - Listening for speech...
2025-08-23 19:38:07,576 - JARVIS - INFO - Could not understand audio
2025-08-23 19:38:07,774 - JARVIS - INFO - Listening for speech...
2025-08-23 19:38:12,120 - JARVIS - INFO - Recognized: what is my name
2025-08-23 19:38:18,212 - JARVIS - INFO - Listening for speech...
2025-08-23 19:38:24,020 - JARVIS - INFO - Recognized: hey Jarvis what is my name
2025-08-23 19:38:24,147 - JARVIS - INFO - Listening for speech...
2025-08-23 19:38:28,952 - JARVIS - INFO - Recognized: hey Jarvis what is my name
2025-08-23 19:38:29,696 - JARVIS - INFO - Listening for speech...
2025-08-23 19:38:35,795 - JARVIS - INFO - Recognized: hey Jarvis what is the time now
2025-08-23 19:38:35,915 - JARVIS - INFO - Listening for speech...
2025-08-23 19:38:43,056 - JARVIS - INFO - Recognized: hey Jarvis what is the time now
2025-08-23 19:38:43,793 - JARVIS - INFO - Listening for speech...
2025-08-23 19:38:56,143 - JARVIS - INFO - Recognized: hey Jarvis where are
2025-08-23 19:38:56,295 - JARVIS - INFO - Listening for speech...
2025-08-23 19:39:04,166 - JARVIS - INFO - Recognized: hey Jarvis System status
2025-08-23 19:39:05,888 - JARVIS - INFO - Listening for speech...
2025-08-23 19:39:15,463 - JARVIS - INFO - Could not understand audio
2025-08-23 19:39:15,662 - JARVIS - INFO - Listening for speech...
2025-08-23 19:39:25,965 - JARVIS - INFO - Recognized: hey Jarvis what is the time now
2025-08-23 19:39:26,086 - JARVIS - INFO - Listening for speech...
2025-08-23 19:39:31,617 - JARVIS - INFO - Recognized: hey Jarvis what is the time now
2025-08-23 19:39:32,340 - JARVIS - INFO - Listening for speech...
2025-08-23 19:39:35,391 - JARVIS - INFO - Could not understand audio
2025-08-23 19:39:35,597 - JARVIS - INFO - Listening for speech...
2025-08-23 19:39:42,092 - JARVIS - INFO - Recognized: hey Jarvis exit voice mode
2025-08-24 10:35:41,067 - JARVIS - ERROR - AI processing error: 'str' object has no attribute 'value'
2025-08-24 17:49:17,708 - JARVIS - WARNING - TARS voice module not available
2025-08-24 17:49:17,810 - JARVIS - WARNING - TARS voice not available - using mock fallback.
2025-08-24 17:49:17,810 - JARVIS - WARNING - TARS voice not available - using mock fallback.
2025-08-24 17:49:18,190 - JARVIS - INFO - Standard TTS system initialized as fallback
2025-08-24 17:49:19,558 - JARVIS - INFO - STT system initialized
2025-08-24 17:49:32,668 - JARVIS - INFO - Listening for speech...
2025-08-24 17:49:38,938 - JARVIS - INFO - Could not understand audio
2025-08-24 17:49:39,128 - JARVIS - INFO - Listening for speech...
2025-08-24 17:49:42,700 - JARVIS - INFO - Recognized: what is the time now
2025-08-24 17:49:42,870 - JARVIS - INFO - Listening for speech...
2025-08-24 17:49:49,077 - JARVIS - INFO - Recognized: hey Jarvis what is the time now
2025-08-24 17:49:49,202 - JARVIS - INFO - Listening for speech...
2025-08-24 17:49:54,033 - JARVIS - INFO - Recognized: Tejab is what is the time now
2025-08-24 17:49:54,733 - JARVIS - INFO - Listening for speech...
2025-08-24 17:50:02,285 - JARVIS - INFO - Recognized: what is my name
2025-08-24 17:50:02,485 - JARVIS - INFO - Listening for speech...
2025-08-24 17:50:07,074 - JARVIS - INFO - Recognized: hey Jarvis what is my name
2025-08-24 17:50:07,173 - JARVIS - INFO - Listening for speech...
2025-08-24 17:50:12,941 - JARVIS - INFO - Recognized: Tejaji what is my
2025-08-24 17:50:13,642 - JARVIS - INFO - Listening for speech...
2025-08-24 17:50:20,438 - JARVIS - INFO - Could not understand audio
2025-08-24 17:50:20,631 - JARVIS - INFO - Listening for speech...
2025-08-24 17:50:24,708 - JARVIS - INFO - Could not understand audio
2025-08-24 17:50:24,900 - JARVIS - INFO - Listening for speech...
2025-08-24 17:50:30,889 - JARVIS - INFO - Could not understand audio
2025-08-24 17:50:31,073 - JARVIS - INFO - Listening for speech...
2025-08-24 17:50:34,534 - JARVIS - INFO - Could not understand audio
2025-08-24 17:50:34,699 - JARVIS - INFO - Listening for speech...
2025-08-24 17:50:43,229 - JARVIS - INFO - Could not understand audio
2025-08-24 18:51:49,698 - JARVIS - WARNING - TARS voice module not available
2025-08-24 18:51:49,791 - JARVIS - WARNING - TARS voice not available - using mock fallback.
2025-08-24 18:51:49,791 - JARVIS - WARNING - TARS voice not available - using mock fallback.
2025-08-24 18:51:50,247 - JARVIS - INFO - Standard TTS system initialized as fallback
2025-08-24 18:51:51,515 - JARVIS - INFO - STT system initialized
