2025-08-25 12:37:11,188 | ai_brain_v3 | INFO | __init__:492 | 🧠 AI Brain Integration v3.0 - Production Ready System Initialized
2025-08-25 12:37:11,188 | ai_brain_v3 | INFO | initialize:562 | 🚀 Initializing AI Brain System...
2025-08-25 12:37:11,189 | ai_brain_v3 | INFO | _initialize_processors:584 | 🔧 Initializing AI processors...
2025-08-25 12:37:11,189 | ai_brain_v3 | INFO | _initialize_processors:592 | ✅ Initialized text_processor
2025-08-25 12:37:11,189 | ai_brain_v3 | INFO | _initialize_processors:594 | 📊 Total processors initialized: 1
2025-08-25 12:37:11,189 | ai_brain_v3 | INFO | _start_background_tasks:616 | 🔄 Started 3 background tasks
2025-08-25 12:37:11,190 | ai_brain_v3 | INFO | _start_processing_workers:630 | 👥 Started 10 processing workers
2025-08-25 12:37:11,190 | ai_brain_v3 | INFO | initialize:574 | ✅ AI Brain System initialized successfully
2025-08-25 12:37:11,190 | ai_brain_v3 | INFO | _processing_worker:637 | 🔧 worker_0 started
2025-08-25 12:37:11,190 | ai_brain_v3 | INFO | _processing_worker:637 | 🔧 worker_1 started
2025-08-25 12:37:11,190 | ai_brain_v3 | INFO | _processing_worker:637 | 🔧 worker_2 started
2025-08-25 12:37:11,190 | ai_brain_v3 | INFO | _processing_worker:637 | 🔧 worker_3 started
2025-08-25 12:37:11,190 | ai_brain_v3 | INFO | _processing_worker:637 | 🔧 worker_4 started
2025-08-25 12:37:11,190 | ai_brain_v3 | INFO | _processing_worker:637 | 🔧 worker_5 started
2025-08-25 12:37:11,190 | ai_brain_v3 | INFO | _processing_worker:637 | 🔧 worker_6 started
2025-08-25 12:37:11,190 | ai_brain_v3 | INFO | _processing_worker:637 | 🔧 worker_7 started
2025-08-25 12:37:11,191 | ai_brain_v3 | INFO | _processing_worker:637 | 🔧 worker_8 started
2025-08-25 12:37:11,191 | ai_brain_v3 | INFO | _processing_worker:637 | 🔧 worker_9 started
2025-08-25 12:37:11,215 | ai_brain_v3 | INFO | _process_request_internal:690 | ✅ worker_0 completed request req_d2f41b94_631190 in 0.02s
2025-08-25 12:37:11,309 | ai_brain_v3 | INFO | _process_request_internal:690 | ✅ worker_1 completed request req_a78c5ea2_631291 in 0.02s
2025-08-25 12:37:11,409 | ai_brain_v3 | INFO | _process_request_internal:690 | ✅ worker_2 completed request req_2c161801_631391 in 0.02s
2025-08-25 12:37:11,544 | ai_brain_v3 | INFO | _process_request_internal:690 | ✅ worker_3 completed request req_aa56af7c_631493 in 0.05s
2025-08-25 12:37:11,594 | ai_brain_v3 | INFO | enhance_capabilities:947 | 🚀 Enhancing capabilities: performance
2025-08-25 12:37:11,596 | ai_brain_v3 | INFO | enhance_capabilities:974 | ✅ Enhanced 1 system components
2025-08-25 12:37:11,596 | ai_brain_v3 | INFO | shutdown:1029 | 🛑 Shutdown requested
2025-08-25 12:37:11,596 | ai_brain_v3 | INFO | _graceful_shutdown:863 | 🔄 Starting graceful shutdown...
2025-08-25 12:37:11,596 | ai_brain_v3 | INFO | _graceful_shutdown:887 | ✅ Graceful shutdown completed
2025-08-25 23:22:00,743 | AI_BRAIN | INFO | ✅ AI brain database initialized
2025-08-25 23:22:00,743 | AI_BRAIN | INFO | 🧠 JARVIS AI Brain Core v3.0 initialized
2025-08-25 23:37:31,124 | AI_BRAIN | INFO | ✅ AI brain database initialized
2025-08-25 23:37:31,124 | AI_BRAIN | INFO | 🧠 JARVIS AI Brain Core v3.0 initialized
