2025-08-25 22:30:09,171 | VOICE | INFO | ✅ Voice command database initialized
2025-08-25 22:30:09,171 | VOICE | INFO | 🎤 Voice Command System v3.0 initialized
2025-08-25 22:30:09,171 | VOICE | ERROR | ❌ Integration initialization failed: name 'JARVISBrainCore' is not defined
2025-08-25 22:42:38,747 | VOICE | INFO | ✅ Voice command database initialized
2025-08-25 22:42:38,747 | VOICE | INFO | 🎤 Voice Command System v3.0 initialized (STANDALONE)
2025-08-25 22:43:04,668 | VOICE | INFO | ✅ Voice command database initialized
2025-08-25 22:43:04,668 | VOICE | INFO | 🎤 Voice Command System v3.0 initialized (STANDALONE)
2025-08-25 22:43:27,128 | VOICE | INFO | ✅ Voice command database initialized
2025-08-25 22:43:27,128 | VOICE | INFO | 🎤 Voice Command System v3.0 initialized (STANDALONE)
2025-08-25 22:43:52,408 | VOICE | INFO | Processing command: 'assistant status' (Intent: unknown)
2025-08-25 22:44:17,128 | VOICE | INFO | Processing command: 'hey Jarvis what is the time now' (Intent: ai_conversation)
2025-08-25 22:45:00,419 | VOICE | INFO | Processing command: 'hey Jarvis what is the battery level' (Intent: ai_conversation)
2025-08-25 22:45:16,613 | VOICE | INFO | Processing command: 'hey Jarvis what is the battery level' (Intent: ai_conversation)
2025-08-25 22:45:31,329 | VOICE | INFO | Processing command: 'what is the battery level' (Intent: ai_conversation)
2025-08-25 22:46:10,492 | VOICE | INFO | ✅ Voice command database initialized
2025-08-25 22:46:10,492 | VOICE | INFO | 🎤 Voice Command System v3.0 initialized (STANDALONE)
2025-08-25 22:46:28,738 | VOICE | INFO | ✅ Voice command database initialized
2025-08-25 22:46:28,738 | VOICE | INFO | 🎤 Voice Command System v3.0 initialized (STANDALONE)
2025-08-25 22:46:50,675 | VOICE | INFO | Processing command: 'what is my name' (Intent: ai_conversation)
2025-08-25 22:47:00,707 | VOICE | INFO | Processing command: 'what is the time now' (Intent: ai_conversation)
2025-08-25 22:47:18,055 | VOICE | INFO | Processing command: 'where am I now' (Intent: unknown)
2025-08-25 22:47:29,135 | VOICE | INFO | Processing command: 'who are you' (Intent: unknown)
2025-08-25 23:38:15,618 | VOICE | INFO | ✅ Voice command database initialized
2025-08-25 23:38:15,618 | VOICE | INFO | 🎤 Voice Command System v3.0 initialized (STANDALONE)
