2025-08-25 10:56:44,971 | DEVICE-CONTROL | INFO | 🎯 Device Control Mastery v2.0 - Building on 81% success
2025-08-25 10:56:44,972 | DEVICE-CONTROL | INFO | 🚀 Initializing enhanced device control...
2025-08-25 10:56:48,785 | DEVICE-CONTROL | INFO | ✅ Nothing Phone 2a connected
2025-08-25 10:56:48,786 | DEVICE-CONTROL | INFO | 📱 Loaded 10 proven Phase 1 controls
2025-08-25 10:56:48,786 | DEVICE-CONTROL | INFO | 🚀 Added 9 enhanced controls
2025-08-25 10:56:48,786 | DEVICE-CONTROL | INFO | ✅ Enhanced control ready - 19 controls available
2025-08-25 10:56:48,786 | DEVICE-CONTROL | INFO | ⚡ Executing control: app_launch
2025-08-25 11:01:17,406 | AI-BRAIN | INFO | 🧠 AI Brain Integration v2.0 - Enhanced Intelligence System
2025-08-25 11:01:17,406 | AI-BRAIN | INFO | 🚀 Initializing enhanced AI brain system...
2025-08-25 11:01:17,406 | AI-BRAIN | INFO | 🧬 Initializing neural networks...
2025-08-25 11:01:17,406 | AI-BRAIN | INFO | ✅ Neural networks initialized
2025-08-25 11:01:17,406 | AI-BRAIN | INFO | 📡 Loading enhanced AI models...
2025-08-25 11:01:17,406 | AI-BRAIN | INFO | ✅ Enhanced AI models loaded
2025-08-25 11:01:17,407 | AI-BRAIN | INFO | 🧠 Consolidating memories...
2025-08-25 11:01:17,407 | AI-BRAIN | INFO | 🔄 Background processing threads started
2025-08-25 11:01:17,407 | AI-BRAIN | INFO | 🧠 Intelligence level calculated: 100.0%
2025-08-25 11:01:17,407 | AI-BRAIN | INFO | ✅ AI brain system initialized successfully
2025-08-25 11:01:17,407 | AI-BRAIN | INFO | 🧠 Processing intelligent request: analysis
2025-08-25 11:01:18,609 | AI-BRAIN | INFO | 🚀 Enhancing AI intelligence...
2025-08-25 11:01:18,609 | AI-BRAIN | INFO | 🧠 Intelligence level calculated: 100.0%
2025-08-25 11:01:18,609 | AI-BRAIN | INFO | ✅ Intelligence enhanced successfully
