2025-08-25 10:57:54,620 | VOICE-CMD | INFO | 🎤 Voice Command System v2.0 - Enhanced Voice Interface
2025-08-25 10:57:54,621 | VOICE-CMD | INFO | 🚀 Initializing enhanced voice command system...
2025-08-25 10:57:55,409 | VOICE-CMD | INFO | ✅ Audio system available
2025-08-25 10:57:55,410 | VOICE-CMD | INFO | 📚 Loaded 18 voice commands across 4 categories
2025-08-25 10:57:55,425 | VOICE-CMD | INFO | ✅ Voice recognition system available
2025-08-25 10:57:56,525 | VOICE-CMD | INFO | ✅ Voice synthesis system available
2025-08-25 10:57:56,526 | VOICE-CMD | INFO | ✅ Voice system initialized successfully
2025-08-25 10:57:56,526 | VOICE-CMD | INFO | 🎤 Processing voice command: jarvis status report
2025-08-25 10:57:56,526 | VOICE-CMD | INFO | ✅ Voice command executed: status report
2025-08-25 10:58:03,744 | VOICE-CMD | INFO | 🎤 Processing voice command: phone control check battery
2025-08-25 10:58:08,688 | VOICE-CMD | INFO | 🎤 Processing voice command: system command check performance
2025-08-25 10:58:08,689 | VOICE-CMD | INFO | ✅ Voice command executed: check performance
2025-08-25 10:58:40,814 | VOICE-CMD | INFO | 🎤 Voice Command System v2.0 - Enhanced Voice Interface
2025-08-25 10:58:40,815 | VOICE-CMD | INFO | 🚀 Initializing enhanced voice command system...
2025-08-25 10:58:41,269 | VOICE-CMD | INFO | ✅ Audio system available
2025-08-25 10:58:41,269 | VOICE-CMD | INFO | 📚 Loaded 18 voice commands across 4 categories
2025-08-25 10:58:41,284 | VOICE-CMD | INFO | ✅ Voice recognition system available
2025-08-25 10:58:41,825 | VOICE-CMD | INFO | ✅ Voice synthesis system available
2025-08-25 10:58:41,825 | VOICE-CMD | INFO | ✅ Voice system initialized successfully
2025-08-25 10:58:41,825 | VOICE-CMD | INFO | 🎤 Processing voice command: jarvis status report
2025-08-25 10:58:41,825 | VOICE-CMD | INFO | ✅ Voice command executed: status report
2025-08-25 10:58:48,777 | VOICE-CMD | INFO | 🎤 Processing voice command: phone control check battery
2025-08-25 10:58:53,930 | VOICE-CMD | INFO | 🎤 Processing voice command: system command check performance
2025-08-25 10:58:53,931 | VOICE-CMD | INFO | ✅ Voice command executed: check performance
