2025-08-25 10:55:20,677 | M2-PERFORMANCE | INFO | 🔥 M2 Performance Engine v2.0 - 628 GFLOPS Ready
2025-08-25 10:55:20,677 | M2-PERFORMANCE | INFO | 🔍 Verifying M2 MacBook performance capabilities...
2025-08-25 10:55:20,694 | M2-PERFORMANCE | INFO | ✅ Apple Silicon detected - M2 performance available
2025-08-25 10:55:20,694 | M2-PERFORMANCE | INFO | ⚡ Running M2 performance benchmark...
2025-08-25 10:55:21,698 | M2-PERFORMANCE | INFO | 📊 M2 Performance Metrics:
2025-08-25 10:55:21,699 | M2-PERFORMANCE | INFO |    cpu_cores: 8
2025-08-25 10:55:21,699 | M2-PERFORMANCE | INFO |    cpu_usage: 57.4
2025-08-25 10:55:21,699 | M2-PERFORMANCE | INFO |    memory_available_gb: 1.27
2025-08-25 10:55:21,699 | M2-PERFORMANCE | INFO |    disk_free_gb: 19.76
2025-08-25 10:55:21,699 | M2-PERFORMANCE | INFO |    gflops_capacity: 628
2025-08-25 10:55:21,699 | M2-PERFORMANCE | INFO |    benchmark_time: 1.004
2025-08-25 10:55:21,699 | M2-PERFORMANCE | INFO |    timestamp: 2025-08-25T10:55:21.698881
2025-08-25 10:55:21,699 | M2-PERFORMANCE | INFO | 🚀 Optimizing M2 for JARVIS operations...
2025-08-25 10:55:30,291 | M2-PERFORMANCE | INFO | ✅ CPU performance optimized
2025-08-25 10:55:30,291 | M2-PERFORMANCE | INFO | ✅ cpu_optimization applied
2025-08-25 10:55:30,633 | M2-PERFORMANCE | WARNING | ⚠️ Low memory - 1.7GB available
2025-08-25 10:55:30,634 | M2-PERFORMANCE | ERROR | ❌ memory_optimization failed
2025-08-25 10:55:37,029 | M2-PERFORMANCE | INFO | ✅ Thermal monitoring configured
2025-08-25 10:55:37,029 | M2-PERFORMANCE | INFO | ✅ thermal_management applied
2025-08-25 10:55:37,197 | M2-PERFORMANCE | INFO | ✅ Power efficiency optimized
2025-08-25 10:55:37,197 | M2-PERFORMANCE | INFO | ✅ power_efficiency applied
